11:37:27.666 [main             ] INFO  org.eclipse.jetty.server.Server - jetty-8.1.8.v20121106
11:37:27.885 [main             ] INFO  o.e.j.w.StandardDescriptorProcessor - NO JSP Support for /, did not find org.apache.jasper.servlet.JspServlet
11:37:28.465 [main             ] INFO  restx.RestxMainRouterFactory - LOADING MAIN ROUTER
11:37:28.471 [main             ] INFO  restx.RestxMainRouterFactory - 
--------------------------------------
 -- RESTX >> LOAD ON REQUEST << >> DEV MODE << >> AUTO COMPILE <<
 -- for admin console,
 --   VISIT http://localhost:8080/api/@/ui/
 --

11:37:32.209 [pool-2-thread-1  ] INFO  restx.classloader.CompilationManager - compilation finished: 7 sources compiled in 3.307 s
11:37:32.284 [main             ] INFO  restx.classloader.CompilationManager - watching for changes in [src/main/java, src/main/resources]; current location is /home/ahdi7503/WorkingZone/Java/Workspaces/RestX/restx-samples-beersample/.
11:37:32.330 [main             ] WARN  o.e.j.u.component.AbstractLifeCycle - FAILED SelectChannelConnector@0.0.0.0:8080: java.net.BindException: Address already in use
java.net.BindException: Address already in use
	at sun.nio.ch.Net.bind0(Native Method) ~[na:1.7.0_45]
	at sun.nio.ch.Net.bind(Net.java:444) ~[na:1.7.0_45]
	at sun.nio.ch.Net.bind(Net.java:436) ~[na:1.7.0_45]
	at sun.nio.ch.ServerSocketChannelImpl.bind(ServerSocketChannelImpl.java:214) ~[na:1.7.0_45]
	at sun.nio.ch.ServerSocketAdaptor.bind(ServerSocketAdaptor.java:74) ~[na:1.7.0_45]
	at org.eclipse.jetty.server.nio.SelectChannelConnector.open(SelectChannelConnector.java:187) ~[jetty-server-8.1.8.v20121106.jar:8.1.8.v20121106]
	at org.eclipse.jetty.server.AbstractConnector.doStart(AbstractConnector.java:316) ~[jetty-server-8.1.8.v20121106.jar:8.1.8.v20121106]
	at org.eclipse.jetty.server.nio.SelectChannelConnector.doStart(SelectChannelConnector.java:265) ~[jetty-server-8.1.8.v20121106.jar:8.1.8.v20121106]
	at org.eclipse.jetty.util.component.AbstractLifeCycle.start(AbstractLifeCycle.java:64) [jetty-util-8.1.8.v20121106.jar:8.1.8.v20121106]
	at org.eclipse.jetty.server.Server.doStart(Server.java:288) [jetty-server-8.1.8.v20121106.jar:8.1.8.v20121106]
	at org.eclipse.jetty.util.component.AbstractLifeCycle.start(AbstractLifeCycle.java:64) [jetty-util-8.1.8.v20121106.jar:8.1.8.v20121106]
	at restx.server.JettyWebServer.start(JettyWebServer.java:77) [restx-server-jetty-0.2.9.2.jar:na]
	at restx.server.JettyWebServer.startAndAwait(JettyWebServer.java:81) [restx-server-jetty-0.2.9.2.jar:na]
	at beerssample.AppServer.main(AppServer.java:30) [classes/:na]
11:37:32.331 [main             ] WARN  o.e.j.u.component.AbstractLifeCycle - FAILED org.eclipse.jetty.server.Server@16288db: java.net.BindException: Address already in use
java.net.BindException: Address already in use
	at sun.nio.ch.Net.bind0(Native Method) ~[na:1.7.0_45]
	at sun.nio.ch.Net.bind(Net.java:444) ~[na:1.7.0_45]
	at sun.nio.ch.Net.bind(Net.java:436) ~[na:1.7.0_45]
	at sun.nio.ch.ServerSocketChannelImpl.bind(ServerSocketChannelImpl.java:214) ~[na:1.7.0_45]
	at sun.nio.ch.ServerSocketAdaptor.bind(ServerSocketAdaptor.java:74) ~[na:1.7.0_45]
	at org.eclipse.jetty.server.nio.SelectChannelConnector.open(SelectChannelConnector.java:187) ~[jetty-server-8.1.8.v20121106.jar:8.1.8.v20121106]
	at org.eclipse.jetty.server.AbstractConnector.doStart(AbstractConnector.java:316) ~[jetty-server-8.1.8.v20121106.jar:8.1.8.v20121106]
	at org.eclipse.jetty.server.nio.SelectChannelConnector.doStart(SelectChannelConnector.java:265) ~[jetty-server-8.1.8.v20121106.jar:8.1.8.v20121106]
	at org.eclipse.jetty.util.component.AbstractLifeCycle.start(AbstractLifeCycle.java:64) ~[jetty-util-8.1.8.v20121106.jar:8.1.8.v20121106]
	at org.eclipse.jetty.server.Server.doStart(Server.java:288) ~[jetty-server-8.1.8.v20121106.jar:8.1.8.v20121106]
	at org.eclipse.jetty.util.component.AbstractLifeCycle.start(AbstractLifeCycle.java:64) ~[jetty-util-8.1.8.v20121106.jar:8.1.8.v20121106]
	at restx.server.JettyWebServer.start(JettyWebServer.java:77) [restx-server-jetty-0.2.9.2.jar:na]
	at restx.server.JettyWebServer.startAndAwait(JettyWebServer.java:81) [restx-server-jetty-0.2.9.2.jar:na]
	at beerssample.AppServer.main(AppServer.java:30) [classes/:na]
11:38:03.872 [main             ] INFO  org.eclipse.jetty.server.Server - jetty-8.1.8.v20121106
11:38:04.041 [main             ] INFO  o.e.j.w.StandardDescriptorProcessor - NO JSP Support for /, did not find org.apache.jasper.servlet.JspServlet
11:38:04.417 [main             ] INFO  restx.RestxMainRouterFactory - LOADING MAIN ROUTER
11:38:04.423 [main             ] INFO  restx.RestxMainRouterFactory - 
--------------------------------------
 -- RESTX >> LOAD ON REQUEST << >> DEV MODE << >> AUTO COMPILE <<
 -- for admin console,
 --   VISIT http://localhost:8080/api/@/ui/
 --

11:38:04.683 [main             ] INFO  restx.classloader.CompilationManager - watching for changes in [src/main/java, src/main/resources]; current location is /home/ahdi7503/WorkingZone/Java/Workspaces/RestX/restx-samples-beersample/.
11:39:35.548 [qtp29131097-20   ] INFO  o.h.validator.internal.util.Version - HV000001: Hibernate Validator 5.0.0.Final
11:39:35.693 [qtp29131097-20   ] INFO  beerssample.BeersSampleModule - Connecting to Couchbase Cluster
11:39:36.901 [qtp29131097-21   ] INFO  beerssample.BeersSampleModule - Connecting to Couchbase Cluster
11:39:36.904 [qtp29131097-20   ] INFO  beerssample.BeersSampleModule - Connecting to Couchbase Cluster
11:39:37.219 [qtp29131097-20   ] INFO  beerssample.BeersSampleModule - Connecting to Couchbase Cluster
11:39:37.237 [qtp29131097-21   ] INFO  beerssample.BeersSampleModule - Connecting to Couchbase Cluster
11:39:37.497 [qtp29131097-20   ] INFO  beerssample.BeersSampleModule - Connecting to Couchbase Cluster
11:39:37.628 [qtp29131097-21   ] INFO  beerssample.BeersSampleModule - Connecting to Couchbase Cluster
11:39:37.729 [qtp29131097-20   ] INFO  restx.StdRestxMainRouter - << [RESTX REQUEST] GET /@/ui/img/glyphicons-halflings.png >> 404 - 21.26 ms
11:39:37.772 [qtp29131097-58   ] INFO  beerssample.BeersSampleModule - Connecting to Couchbase Cluster
11:39:37.902 [qtp29131097-21   ] INFO  restx.StdRestxMainRouter - << [RESTX REQUEST] GET /@/pages >> 200 - 77.87 ms
11:39:37.977 [qtp29131097-58   ] INFO  restx.StdRestxMainRouter - << [RESTX REQUEST] GET /sessions/current >> 200 - 13.72 ms
11:39:57.939 [qtp29131097-58   ] INFO  beerssample.BeersSampleModule - Connecting to Couchbase Cluster
11:39:58.204 [qtp29131097-21   ] INFO  beerssample.BeersSampleModule - Connecting to Couchbase Cluster
11:39:58.240 [qtp29131097-20   ] INFO  beerssample.BeersSampleModule - Connecting to Couchbase Cluster
11:39:58.501 [qtp29131097-58   ] INFO  beerssample.BeersSampleModule - Connecting to Couchbase Cluster
11:39:58.526 [qtp29131097-21   ] INFO  beerssample.BeersSampleModule - Connecting to Couchbase Cluster
11:39:58.533 [qtp29131097-20   ] INFO  beerssample.BeersSampleModule - Connecting to Couchbase Cluster
11:39:58.560 [qtp29131097-102  ] INFO  beerssample.BeersSampleModule - Connecting to Couchbase Cluster
11:39:58.580 [qtp29131097-103  ] INFO  beerssample.BeersSampleModule - Connecting to Couchbase Cluster
11:39:58.871 [qtp29131097-58   ] INFO  beerssample.BeersSampleModule - Connecting to Couchbase Cluster
11:39:58.888 [qtp29131097-21   ] INFO  beerssample.BeersSampleModule - Connecting to Couchbase Cluster
11:39:58.975 [qtp29131097-20   ] INFO  beerssample.BeersSampleModule - Connecting to Couchbase Cluster
11:39:58.980 [qtp29131097-136  ] INFO  beerssample.BeersSampleModule - Connecting to Couchbase Cluster
11:39:59.440 [qtp29131097-102  ] INFO  beerssample.BeersSampleModule - Connecting to Couchbase Cluster
11:39:59.452 [qtp29131097-58   ] INFO  beerssample.BeersSampleModule - Connecting to Couchbase Cluster
11:39:59.454 [qtp29131097-103  ] INFO  beerssample.BeersSampleModule - Connecting to Couchbase Cluster
11:39:59.575 [qtp29131097-102  ] INFO  restx.StdRestxMainRouter - << [RESTX REQUEST] GET /@/pages >> 200 - 9.782 ms
11:39:59.652 [qtp29131097-136  ] INFO  beerssample.BeersSampleModule - Connecting to Couchbase Cluster
11:39:59.692 [qtp29131097-58   ] INFO  restx.StdRestxMainRouter - << [RESTX REQUEST] GET /sessions/current >> 200 - 26.52 ms
11:39:59.698 [qtp29131097-21   ] INFO  beerssample.BeersSampleModule - Connecting to Couchbase Cluster
11:39:59.730 [qtp29131097-102  ] INFO  beerssample.BeersSampleModule - Connecting to Couchbase Cluster
11:39:59.820 [qtp29131097-136  ] INFO  restx.StdRestxMainRouter - << [RESTX REQUEST] GET /@/pages >> 200 - 10.72 ms
11:39:59.926 [qtp29131097-102  ] INFO  restx.StdRestxMainRouter - << [RESTX REQUEST] GET /sessions/current >> 200 - 16.02 ms
11:39:59.941 [qtp29131097-21   ] INFO  restx.StdRestxMainRouter - << [RESTX REQUEST] GET /@/api-docs >> 200 - 46.10 ms
11:40:00.024 [qtp29131097-103  ] INFO  beerssample.BeersSampleModule - Connecting to Couchbase Cluster
11:40:00.027 [qtp29131097-136  ] INFO  beerssample.BeersSampleModule - Connecting to Couchbase Cluster
11:40:00.044 [qtp29131097-20   ] INFO  beerssample.BeersSampleModule - Connecting to Couchbase Cluster
11:40:00.045 [qtp29131097-58   ] INFO  beerssample.BeersSampleModule - Connecting to Couchbase Cluster
11:40:00.053 [qtp29131097-102  ] INFO  beerssample.BeersSampleModule - Connecting to Couchbase Cluster
11:40:00.252 [qtp29131097-103  ] INFO  restx.StdRestxMainRouter - << [RESTX REQUEST] GET /@/api-docs/admin-pages >> 200 - 42.31 ms
11:40:00.313 [qtp29131097-136  ] INFO  restx.StdRestxMainRouter - << [RESTX REQUEST] GET /@/api-docs/beer >> 200 - 43.94 ms
11:40:00.393 [qtp29131097-21   ] INFO  beerssample.BeersSampleModule - Connecting to Couchbase Cluster
11:40:00.396 [qtp29131097-58   ] INFO  restx.StdRestxMainRouter - << [RESTX REQUEST] GET /@/api-docs/session >> 200 - 40.16 ms
11:40:00.408 [qtp29131097-102  ] INFO  restx.StdRestxMainRouter - << [RESTX REQUEST] GET /@/api-docs/specs >> 200 - 54.01 ms
11:40:00.446 [qtp29131097-20   ] INFO  restx.StdRestxMainRouter - << [RESTX REQUEST] GET /@/api-docs/monitor >> 200 - 32.08 ms
11:40:00.581 [qtp29131097-21   ] INFO  restx.StdRestxMainRouter - << [RESTX REQUEST] GET /@/ui/img/glyphicons-halflings.png >> 404 - 6.143 ms
11:40:23.294 [qtp29131097-136  ] INFO  beerssample.BeersSampleModule - Connecting to Couchbase Cluster
11:40:23.547 [qtp29131097-20   ] INFO  beerssample.BeersSampleModule - Connecting to Couchbase Cluster
11:40:23.580 [qtp29131097-58   ] INFO  beerssample.BeersSampleModule - Connecting to Couchbase Cluster
11:40:23.581 [qtp29131097-103  ] INFO  beerssample.BeersSampleModule - Connecting to Couchbase Cluster
11:40:23.593 [qtp29131097-136  ] INFO  beerssample.BeersSampleModule - Connecting to Couchbase Cluster
11:40:23.912 [qtp29131097-102  ] INFO  beerssample.BeersSampleModule - Connecting to Couchbase Cluster
11:40:23.936 [qtp29131097-103  ] INFO  beerssample.BeersSampleModule - Connecting to Couchbase Cluster
11:40:23.962 [qtp29131097-58   ] INFO  beerssample.BeersSampleModule - Connecting to Couchbase Cluster
11:40:23.981 [qtp29131097-136  ] INFO  beerssample.BeersSampleModule - Connecting to Couchbase Cluster
11:40:23.990 [qtp29131097-20   ] INFO  beerssample.BeersSampleModule - Connecting to Couchbase Cluster
11:40:24.202 [qtp29131097-103  ] INFO  beerssample.BeersSampleModule - Connecting to Couchbase Cluster
11:40:25.539 [qtp29131097-136  ] INFO  beerssample.BeersSampleModule - Connecting to Couchbase Cluster
11:40:25.543 [qtp29131097-102  ] INFO  beerssample.BeersSampleModule - Connecting to Couchbase Cluster
11:40:25.556 [qtp29131097-58   ] INFO  beerssample.BeersSampleModule - Connecting to Couchbase Cluster
11:40:25.684 [qtp29131097-136  ] INFO  restx.StdRestxMainRouter - << [RESTX REQUEST] GET /@/pages >> 200 - 3.072 ms
11:40:25.697 [qtp29131097-102  ] INFO  restx.StdRestxMainRouter - << [RESTX REQUEST] GET /sessions/current >> 200 - 14.61 ms
11:40:25.716 [qtp29131097-102  ] INFO  beerssample.BeersSampleModule - Connecting to Couchbase Cluster
11:40:25.765 [qtp29131097-312  ] INFO  beerssample.BeersSampleModule - Connecting to Couchbase Cluster
11:40:25.850 [qtp29131097-58   ] INFO  restx.StdRestxMainRouter - << [RESTX REQUEST] GET /@/monitor >> 200 - 149.9 ms
11:40:25.906 [qtp29131097-102  ] INFO  restx.StdRestxMainRouter - << [RESTX REQUEST] GET /sessions/current >> 200 - 12.53 ms
11:40:26.101 [qtp29131097-312  ] INFO  restx.StdRestxMainRouter - << [RESTX REQUEST] GET /@/pages >> 200 - 19.87 ms
11:40:28.784 [qtp29131097-103  ] INFO  beerssample.BeersSampleModule - Connecting to Couchbase Cluster
11:40:29.032 [qtp29131097-102  ] INFO  beerssample.BeersSampleModule - Connecting to Couchbase Cluster
11:40:29.055 [qtp29131097-20   ] INFO  beerssample.BeersSampleModule - Connecting to Couchbase Cluster
11:40:29.067 [qtp29131097-136  ] INFO  beerssample.BeersSampleModule - Connecting to Couchbase Cluster
11:40:29.418 [qtp29131097-102  ] INFO  beerssample.BeersSampleModule - Connecting to Couchbase Cluster
11:40:29.431 [qtp29131097-20   ] INFO  beerssample.BeersSampleModule - Connecting to Couchbase Cluster
11:40:29.453 [qtp29131097-58   ] INFO  beerssample.BeersSampleModule - Connecting to Couchbase Cluster
11:40:29.468 [qtp29131097-103  ] INFO  beerssample.BeersSampleModule - Connecting to Couchbase Cluster
11:40:29.517 [qtp29131097-312  ] INFO  beerssample.BeersSampleModule - Connecting to Couchbase Cluster
11:40:29.518 [qtp29131097-136  ] INFO  beerssample.BeersSampleModule - Connecting to Couchbase Cluster
11:40:30.024 [qtp29131097-102  ] INFO  beerssample.BeersSampleModule - Connecting to Couchbase Cluster
11:40:30.024 [qtp29131097-415  ] INFO  beerssample.BeersSampleModule - Connecting to Couchbase Cluster
11:40:30.025 [qtp29131097-58   ] INFO  beerssample.BeersSampleModule - Connecting to Couchbase Cluster
11:40:30.174 [qtp29131097-58   ] INFO  restx.StdRestxMainRouter - << [RESTX REQUEST] GET /sessions/current >> 200 - 7.776 ms
11:40:30.215 [qtp29131097-58   ] INFO  beerssample.BeersSampleModule - Connecting to Couchbase Cluster
11:40:30.236 [qtp29131097-136  ] INFO  beerssample.BeersSampleModule - Connecting to Couchbase Cluster
11:40:30.320 [qtp29131097-102  ] INFO  restx.StdRestxMainRouter - << [RESTX REQUEST] GET /@/pages >> 200 - 18.08 ms
11:40:30.347 [qtp29131097-102  ] INFO  beerssample.BeersSampleModule - Connecting to Couchbase Cluster
11:40:30.450 [qtp29131097-58   ] INFO  restx.StdRestxMainRouter - << [RESTX REQUEST] GET /sessions/current >> 200 - 12.07 ms
11:40:30.583 [qtp29131097-102  ] INFO  restx.StdRestxMainRouter - << [RESTX REQUEST] GET /@/pages >> 200 - 4.918 ms
11:40:30.641 [qtp29131097-136  ] INFO  restx.StdRestxMainRouter - << [RESTX REQUEST] GET /@/factory >> 200 - 221.1 ms
11:40:35.133 [qtp29131097-58   ] INFO  beerssample.BeersSampleModule - Connecting to Couchbase Cluster
11:40:35.370 [qtp29131097-312  ] INFO  beerssample.BeersSampleModule - Connecting to Couchbase Cluster
11:40:35.384 [qtp29131097-102  ] INFO  beerssample.BeersSampleModule - Connecting to Couchbase Cluster
11:40:35.651 [qtp29131097-20   ] INFO  beerssample.BeersSampleModule - Connecting to Couchbase Cluster
11:40:35.684 [qtp29131097-103  ] INFO  beerssample.BeersSampleModule - Connecting to Couchbase Cluster
11:40:35.700 [qtp29131097-415  ] INFO  beerssample.BeersSampleModule - Connecting to Couchbase Cluster
11:40:35.707 [qtp29131097-136  ] INFO  beerssample.BeersSampleModule - Connecting to Couchbase Cluster
11:40:35.717 [qtp29131097-312  ] INFO  beerssample.BeersSampleModule - Connecting to Couchbase Cluster
11:40:35.735 [qtp29131097-58   ] INFO  beerssample.BeersSampleModule - Connecting to Couchbase Cluster
11:40:35.913 [qtp29131097-102  ] INFO  beerssample.BeersSampleModule - Connecting to Couchbase Cluster
11:40:36.089 [qtp29131097-136  ] INFO  beerssample.BeersSampleModule - Connecting to Couchbase Cluster
11:40:36.112 [qtp29131097-312  ] INFO  beerssample.BeersSampleModule - Connecting to Couchbase Cluster
11:40:36.670 [qtp29131097-415  ] INFO  beerssample.BeersSampleModule - Connecting to Couchbase Cluster
11:40:36.671 [qtp29131097-103  ] INFO  beerssample.BeersSampleModule - Connecting to Couchbase Cluster
11:40:36.673 [qtp29131097-20   ] INFO  beerssample.BeersSampleModule - Connecting to Couchbase Cluster
11:40:36.816 [qtp29131097-103  ] INFO  restx.StdRestxMainRouter - << [RESTX REQUEST] GET /@/pages >> 200 - 2.924 ms
11:40:36.832 [qtp29131097-415  ] INFO  restx.StdRestxMainRouter - << [RESTX REQUEST] GET /sessions/current >> 200 - 12.14 ms
11:40:36.881 [qtp29131097-312  ] INFO  beerssample.BeersSampleModule - Connecting to Couchbase Cluster
11:40:36.911 [qtp29131097-136  ] INFO  beerssample.BeersSampleModule - Connecting to Couchbase Cluster
11:40:36.911 [qtp29131097-415  ] INFO  beerssample.BeersSampleModule - Connecting to Couchbase Cluster
11:40:37.015 [qtp29131097-312  ] INFO  restx.StdRestxMainRouter - << [RESTX REQUEST] GET /@/pages >> 200 - 6.324 ms
11:40:37.104 [qtp29131097-136  ] INFO  restx.StdRestxMainRouter - << [RESTX REQUEST] GET /@/api-docs >> 200 - 17.15 ms
11:40:37.192 [qtp29131097-415  ] INFO  restx.StdRestxMainRouter - << [RESTX REQUEST] GET /sessions/current >> 200 - 16.43 ms
11:40:37.205 [qtp29131097-20   ] INFO  beerssample.BeersSampleModule - Connecting to Couchbase Cluster
11:40:37.204 [qtp29131097-58   ] INFO  beerssample.BeersSampleModule - Connecting to Couchbase Cluster
11:40:37.204 [qtp29131097-136  ] INFO  beerssample.BeersSampleModule - Connecting to Couchbase Cluster
11:40:37.204 [qtp29131097-312  ] INFO  beerssample.BeersSampleModule - Connecting to Couchbase Cluster
11:40:37.238 [qtp29131097-103  ] INFO  beerssample.BeersSampleModule - Connecting to Couchbase Cluster
11:40:37.366 [qtp29131097-136  ] INFO  restx.StdRestxMainRouter - << [RESTX REQUEST] GET /@/api-docs/session >> 200 - 23.92 ms
11:40:37.441 [qtp29131097-58   ] INFO  restx.StdRestxMainRouter - << [RESTX REQUEST] GET /@/api-docs/admin-pages >> 200 - 41.52 ms
11:40:37.488 [qtp29131097-20   ] INFO  restx.StdRestxMainRouter - << [RESTX REQUEST] GET /@/api-docs/specs >> 200 - 69.43 ms
11:40:37.529 [qtp29131097-102  ] INFO  beerssample.BeersSampleModule - Connecting to Couchbase Cluster
11:40:37.565 [qtp29131097-312  ] INFO  restx.StdRestxMainRouter - << [RESTX REQUEST] GET /@/api-docs/monitor >> 200 - 10.34 ms
11:40:37.575 [qtp29131097-103  ] INFO  restx.StdRestxMainRouter - << [RESTX REQUEST] GET /@/api-docs/beer >> 200 - 54.24 ms
11:40:37.659 [qtp29131097-102  ] INFO  restx.StdRestxMainRouter - << [RESTX REQUEST] GET /@/ui/img/glyphicons-halflings.png >> 404 - 3.311 ms
11:42:17.208 [Thread-1         ] INFO  o.e.j.s.listener.ELContextCleaner - javax.el.BeanELResolver purged
11:42:17.263 [Thread-1         ] INFO  o.e.jetty.util.thread.ShutdownThread - shutdown already commenced
